<?xml version="1.0" encoding="UTF-8"?>
<testsuite name="HonestCalculatorTest" tests="1" skipped="0" failures="0" errors="0" timestamp="2025-05-16T20:57:54" hostname="EVERIENCE" time="0.168">
  <properties/>
  <testcase name="start" classname="HonestCalculatorTest" time="0.168"/>
  <system-out><![CDATA[?[1;31m
Start test 1?[0m
Enter an equation
> 4 * 5.0
You are ... lazy
20.0
Do you want to store the result? (y / n):
> n
Do you want to continue calculations? (y / n):
> n
?[1;31m
Start test 2?[0m
Enter an equation
> 2 + 5.5
7.5
Do you want to store the result? (y / n):
> y
Do you want to continue calculations? (y / n):
> y
Enter an equation
> M - 9
-1.5
Do you want to store the result? (y / n):
> n
Do you want to continue calculations? (y / n):
> n
?[1;31m
Start test 3?[0m
Enter an equation
> 225 / 15
15.0
Do you want to store the result? (y / n):
> y
Do you want to continue calculations? (y / n):
> y
Enter an equation
> 1 * 5
You are ... lazy ... very lazy
5.0
Do you want to store the result? (y / n):
> y
Are you sure? It is only one digit! (y / n)
> y
Don't be silly! It's just one number! Add to the memory? (y / n)
> n
Do you want to continue calculations? (y / n):
> y
Enter an equation
> M - 10
5.0
Do you want to store the result? (y / n):
> y
Are you sure? It is only one digit! (y / n)
> y
Don't be silly! It's just one number! Add to the memory? (y / n)
> y
Last chance! Do you really want to embarrass yourself? (y / n)
> y
Do you want to continue calculations? (y / n):
> y
Enter an equation
> M / M
You are ... lazy
1.0
Do you want to store the result? (y / n):
> n
Do you want to continue calculations? (y / n):
> n
]]></system-out>
  <system-err><![CDATA[]]></system-err>
</testsuite>
