<?xml version="1.0" encoding="UTF-8"?>
<testsuite name="HonestCalculatorTest" tests="1" skipped="0" failures="0" errors="0" timestamp="2025-05-13T11:25:56" hostname="EVERIENCE" time="0.115">
  <properties/>
  <testcase name="start" classname="HonestCalculatorTest" time="0.115"/>
  <system-out><![CDATA[?[1;31m
Start test 1?[0m
Enter an equation
> 2 + 1.1
?[1;31m
Start test 2?[0m
Enter an equation
> 2 + m
Do you even know what numbers are? Stay focused!
Enter an equation
> 3 + 3
?[1;31m
Start test 3?[0m
Enter an equation
> 2 + m
Do you even know what numbers are? Stay focused!
Enter an equation
> 3 n 3
Yes ... an interesting math operation. You've slept through all classes, haven't you?
Enter an equation
> m - 2
Do you even know what numbers are? Stay focused!
Enter an equation
> 4 * 5.2
]]></system-out>
  <system-err><![CDATA[]]></system-err>
</testsuite>
